

DEGREE: 1 RUN

Number of cores:  1
Number of cells:  104100
Sound speed has imported.
Passive matrices done.
All flames are assembled. Eigenvalue solver is starting..

iter =  1,  omega = +2465.6  -22.2j,  |domega| = 4.87e+01
iter =  2,  omega = +2421.1  -32.3j,  |domega| = 4.56e+01
iter =  3,  omega = +2420.9  -32.7j,  |domega| = 4.58e-01
iter =  4,  omega = +2420.9  -32.7j,  |domega| = 1.99e-03
Eigenvalues are found:

Direct Eigenvalues ->  (2420.9487027914724-32.70147974616117j)  =?  (2424.822389630565-34.822231664887724j)
Direct Eigenvectors are saving now ... 

iter =  1,  omega = +2465.6  +22.2j,  |domega| = 4.87e+01
iter =  2,  omega = +2421.1  +32.3j,  |domega| = 4.56e+01
iter =  3,  omega = +2420.9  +32.7j,  |domega| = 4.58e-01
iter =  4,  omega = +2420.9  +32.7j,  |domega| = 1.99e-03
Adjoint Eigenvalues ->  (2420.9487027914647+32.70147974616334j)  =?  (2424.8223896305562+34.8222316648848j)
Total Execution Time:  0:03:02.288311
Shape Derivatives are calculating....

{1: [(-8717.553374561863+2504.874826940446j), (-8679.441545683736+2591.244292483569j)], 
2: [(-5373.519392977669+827.0728225956263j), (-5377.147660217203+845.027341718886j)], 
3: [(31706.050189768914-2128.5217801508625j), (31294.605006257192-2487.9543438028045j)], 
4: [(4891.1201544935175-2363.7349797051224j), (8020.7025697060635-2778.348926174265j)], 
5: [(9395.841480922845-2606.1050486369904j), (7487.6518631411-1021.2506924084973j)], 
6: [(-3072.539825543616-1434.366974621748j), (-3187.362118714893-2254.7924187483122j)], 
7: [(-15341.602618217788-122344.66990729474j), (440.47845172128746-136860.65242852256j)], 
8: [(2641.0007102695176-1586.590408926231j), (2952.8159589758084-1603.0741495039047j)], 
9: [(16281.78488614844-1352.461468260948j), (15806.449711339055-1654.5385269647334j)], 
10: [(7882.419170457447-980.9257377757631j), (7911.714641551742-1109.393479802416j)], 
11: [(2613.844177881474-962.1506623955909j), (2832.1677944575545-945.0595407874684j)], 
12: [(1562.3481792897496-717.9303839352708j), (1711.1731204845087-713.1989959470992j)], 
13: [(29332.916363721306-59032.12284874563j), (34059.08340082068-62609.46837983794j)], 
14: [(-1772.7332660968991+240.8545549606739j), (-1729.7940695724124+268.46831157898123j)], 
15: [(-1701.1619830318277+269.6394611370348j), (-1803.983707937936+264.4310640793815j)], 
16: [(-4461.829821320306+17.147127956397526j), (-4383.407521384879+33.31553701013635j)]}



