python3 main.py 
Invalid MIT-MAGIC-COOKIE-1 keyInvalid MIT-MAGIC-COOKIE-1 keyInvalid MIT-MAGIC-COOKIE-1 keyInvalid MIT-MAGIC-COOKIE-1 keyXDMF Mesh is loaded.
XDMF Mesh is loaded.
Number of cores:  1
Number of cells:  139425
Sound speed has imported.
Passive matrices done.
All flames are assembled. Eigenvalue solver is starting..

iter =  1,  omega = +2442.0  -17.9j,  |domega| = 4.15e+01
iter =  2,  omega = +2403.8  -26.8j,  |domega| = 3.93e+01
iter =  3,  omega = +2403.7  -27.1j,  |domega| = 2.94e-01
iter =  4,  omega = +2403.7  -27.1j,  |domega| = 9.63e-04
Eigenvalues are found:

Direct Eigenvalues ->  (2403.6829886332666-27.05676713311879j)  =?  (2402.210598004901-26.10020409714541j)
Direct Eigenvectors are saving now ... 

iter =  1,  omega = +2441.6  +17.8j,  |domega| = 4.11e+01
iter =  2,  omega = +2403.8  +26.8j,  |domega| = 3.89e+01
iter =  3,  omega = +2403.7  +27.1j,  |domega| = 2.88e-01
iter =  4,  omega = +2403.7  +27.1j,  |domega| = 9.37e-04
Adjoint Eigenvalues ->  (2403.6829858473266+27.05676749888968j)  =?  (2402.210595314787+26.100204361255965j)
Total Execution Time:  5:03:09.810560
Shape Derivatives are calculating....

Tag is:  1
Tag is:  2
Tag is:  3
Tag is:  4
Tag is:  5
Tag is:  7
Tag is:  8
Tag is:  9
Tag is:  10
Tag is:  11
Tag is:  12
Tag is:  13
Tag is:  14
Tag is:  15
Tag is:  16
{1: [(-9166.28622180041+2073.9412918601856j), (-9139.005828086913+2035.7538358648849j)], 2: [(-5001.165730312119+709.799955106806j), (-4997.25473116194+706.0909482367618j)], 3: [(31585.57205106112-1821.408874171484j), (31749.789386151955-1648.6299730303751j)], 4: [(4717.306098318557-5390.049547271182j), (2580.7677327480023-5415.275483651607j)], 5: [(8742.100032727221+1771.3170262759904j), (10552.325220553741+1411.4733653929447j)], 7: [(-2755.717383870957-132016.11233562068j), (-14353.951618946425-125231.89668599464j)], 8: [(2506.515994062396-1316.1108091000829j), (2344.501456806729-1348.2976617394697j)], 9: [(16613.62730609403-1109.8812574402536j), (16865.640504689185-977.4012234621323j)], 10: [(8760.030035237287-995.4710368872202j), (8808.390365522922-935.4514970032252j)], 11: [(2269.9796583979382-787.7205345110103j), (2171.8942919228857-808.738606932989j)], 12: [(1435.7142508644176-695.9598750970168j), (1362.1211690820162-698.1723714007643j)], 13: [(40278.92294368542-51714.690819874886j), (38270.32154249878-48272.79876355914j)], 14: [(-1767.8100182185249+196.26331718612755j), (-1802.0564392659876+183.97713312136688j)], 15: [(-1622.137007903855+239.58203693186556j), (-1605.6425182416078+246.36259668423992j)], 16: [(-4591.708854333423-29.075733605197684j), (-4624.72111725479-39.56531650042784j)]}

